<?xml version="1.0" encoding="UTF-8"?>
<!-- Generated by org.testng.reporters.JUnitXMLReporter -->
<testsuite ignored="0" hostname="ASCINLAP61473" failures="1" tests="1" name="Test" time="0.188" errors="0" timestamp="2025-10-23T13:00:09 IST">
  <testcase classname="com.fry.test.loginsnap" name="verifylogin" time="0.0">
    <failure type="java.lang.RuntimeException" message="org.apache.poi.openxml4j.exceptions.InvalidFormatException: Can&amp;apos;t open the specified file input stream from file: &amp;apos;C:\Users\arulmozhivarman.s\eclipse-workspace\Capstone\src\test\resources\TestData\input-data.xlsx&amp;apos;">
      <![CDATA[java.lang.RuntimeException: org.apache.poi.openxml4j.exceptions.InvalidFormatException: Can't open the specified file input stream from file: 'C:\Users\arulmozhivarman.s\eclipse-workspace\Capstone\src\test\resources\TestData\input-data.xlsx'
at java.base/java.util.ArrayList.forEach(ArrayList.java:1596)
Caused by: org.apache.poi.openxml4j.exceptions.InvalidFormatException: Can't open the specified file input stream from file: 'C:\Users\arulmozhivarman.s\eclipse-workspace\Capstone\src\test\resources\TestData\input-data.xlsx'
at org.apache.poi.openxml4j.opc.OPCPackage.open(OPCPackage.java:395)
at org.apache.poi.openxml4j.opc.OPCPackage.open(OPCPackage.java:364)
at org.apache.poi.openxml4j.opc.OPCPackage.open(OPCPackage.java:223)
at org.apache.poi.xssf.usermodel.XSSFWorkbook.<init>(XSSFWorkbook.java:336)
at com.snapdeal.utilities.ExcelUtilities.getdata(ExcelUtilities.java:20)
at com.fry.test.loginsnap.logindata(loginsnap.java:52)
... 25 more
Caused by: org.apache.poi.openxml4j.exceptions.InvalidOperationException: Can't open the specified file input stream from file: 'C:\Users\arulmozhivarman.s\eclipse-workspace\Capstone\src\test\resources\TestData\input-data.xlsx'
at org.apache.poi.openxml4j.opc.ZipPackage.openZipEntrySourceStream(ZipPackage.java:298)
at org.apache.poi.openxml4j.opc.ZipPackage.<init>(ZipPackage.java:285)
at org.apache.poi.openxml4j.opc.OPCPackage.open(OPCPackage.java:393)
... 35 more
Caused by: java.nio.file.NoSuchFileException: C:\Users\arulmozhivarman.s\eclipse-workspace\Capstone\src\test\resources\TestData\input-data.xlsx
at java.base/sun.nio.fs.WindowsException.translateToIOException(WindowsException.java:85)
at java.base/sun.nio.fs.WindowsException.rethrowAsIOException(WindowsException.java:103)
at java.base/sun.nio.fs.WindowsException.rethrowAsIOException(WindowsException.java:108)
at java.base/sun.nio.fs.WindowsFileSystemProvider.newByteChannel(WindowsFileSystemProvider.java:234)
at java.base/java.nio.file.Files.newByteChannel(Files.java:380)
at java.base/java.nio.file.Files.newByteChannel(Files.java:432)
at java.base/java.nio.file.spi.FileSystemProvider.newInputStream(FileSystemProvider.java:420)
at java.base/java.nio.file.Files.newInputStream(Files.java:160)
at org.apache.poi.openxml4j.opc.ZipPackage.openZipEntrySourceStream(ZipPackage.java:295)
... 37 more
... Removed 30 stack frames]]>
    </failure>
  </testcase> <!-- verifylogin -->
</testsuite> <!-- Test -->
