<?xml version="1.0" encoding="UTF-8"?>
<!-- Generated by org.testng.reporters.JUnitXMLReporter -->
<testsuite ignored="0" hostname="ASCINLAP61473" failures="0" tests="5" name="Default test" time="246.131" errors="0" timestamp="2025-10-24T16:35:54 IST">
  <testcase classname="com.fry.test.SnapdealEndToEndCombinedTest" name="loginWithOTP" time="52.0"/>
  <testcase classname="com.fry.test.SnapdealEndToEndCombinedTest" name="addBluetoothSpeakerToCart" time="57.614"/>
  <testcase classname="com.fry.test.SnapdealEndToEndCombinedTest" name="addSportsShoesToCart" time="58.653"/>
  <testcase classname="com.fry.test.SnapdealEndToEndCombinedTest" name="verifyCartIsEmpty" time="25.808"/>
  <testcase classname="com.fry.test.SnapdealEndToEndCombinedTest" name="logout" time="19.719"/>
</testsuite> <!-- Default test -->
